<?xml version="1.0" encoding="UTF-8"?>
<!-- Generated by org.testng.reporters.JUnitXMLReporter -->
<testsuite ignored="0" hostname="MohamedJamal" failures="0" tests="6" name="Default test" time="49.452" errors="0" timestamp="2025-01-13T21:57:35 EET">
  <testcase classname="TestFeatures.TestSearchPage" name="testNegativeSearch" time="0.279"/>
  <testcase classname="TestFeatures.TestSearchPage" name="testNegativeSearch" time="0.335"/>
  <testcase classname="TestFeatures.TestSearchPage" name="testNegativeSearch" time="0.256"/>
  <testcase classname="TestFeatures.TestSearchPage" name="testPositiveSearch" time="0.238"/>
  <testcase classname="TestFeatures.TestSearchPage" name="testPositiveSearch" time="0.317"/>
  <testcase classname="TestFeatures.TestSearchPage" name="testPositiveSearch" time="0.324"/>
</testsuite> <!-- Default test -->
