<?xml version="1.0" encoding="UTF-8"?>
<!-- Generated by org.testng.reporters.JUnitXMLReporter -->
<testsuite ignored="0" hostname="MohamedJamal" failures="2" tests="12" name="E-Commerce" time="110.433" errors="0" timestamp="2025-01-13T22:02:20 EET">
  <testcase classname="TestFeatures.TestAddToCartOperations" name="refreshPageAfterAddingItemsToCart" time="1.355">
    <failure type="java.lang.AssertionError" message="Product &amp;apos;Carrot&amp;apos; not found in the cart! expected [true] but found [false]">
      <![CDATA[java.lang.AssertionError: Product 'Carrot' not found in the cart! expected [true] but found [false]
at TestFeatures.TestAddToCartOperations.verifyCartContents(TestAddToCartOperations.java:47)
at TestFeatures.TestAddToCartOperations.refreshPageAfterAddingItemsToCart(TestAddToCartOperations.java:32)
at java.base/java.util.ArrayList.forEach(ArrayList.java:1511)
... Removed 30 stack frames]]>
    </failure>
  </testcase> <!-- refreshPageAfterAddingItemsToCart -->
  <testcase classname="TestFeatures.TestAddToCartOperations" name="testAddingTextAfterAddingItems" time="0.155"/>
  <testcase classname="TestFeatures.TestBuyMoreItems" name="checkAddingManyItemsToCart" time="1.19"/>
  <testcase classname="TestFeatures.TestBuyOneItem" name="checkAddingOneItemToCart" time="0.567"/>
  <testcase classname="TestFeatures.TestClearItemInCart" name="ClearProductFromCart" time="0.397"/>
  <testcase classname="TestFeatures.TestLandingPurchasingPage" name="getCartInfo" time="0.002"/>
  <testcase classname="TestFeatures.TestProceedToCheckout" name="shouldDisableCheckoutButtonWhenNoProducts" time="0.16">
    <failure type="java.lang.AssertionError" message="Checkout button should be disabled when no products are in the cart. expected [false] but found [true]">
      <![CDATA[java.lang.AssertionError: Checkout button should be disabled when no products are in the cart. expected [false] but found [true]
at TestFeatures.TestProceedToCheckout.shouldDisableCheckoutButtonWhenNoProducts(TestProceedToCheckout.java:20)
at java.base/java.util.ArrayList.forEach(ArrayList.java:1511)
... Removed 30 stack frames]]>
    </failure>
  </testcase> <!-- shouldDisableCheckoutButtonWhenNoProducts -->
  <testcase classname="TestFeatures.TestProceedToCheckout" name="shouldPlaceOrderSuccessfully" time="2.607"/>
  <testcase classname="TestFeatures.TestSearchPage" name="testNegativeSearch" time="3.303"/>
  <testcase classname="TestFeatures.TestSearchPage" name="testNegativeSearch" time="0.429"/>
  <testcase classname="TestFeatures.TestSearchPage" name="testPositiveSearch" time="0.391"/>
  <testcase classname="TestFeatures.TestSearchPage" name="testPositiveSearch" time="7.524"/>
</testsuite> <!-- E-Commerce -->
